{"contracts\\ERC721.sol":{"l":{"28":2,"31":2,"32":2,"33":2,"80":10,"84":10,"88":1,"89":1,"94":1,"98":3,"99":3,"105":3,"109":17,"110":17,"111":17,"112":17,"113":17,"114":17,"115":17,"116":17,"121":1,"125":1,"130":1,"139":2,"140":2,"145":6,"149":18,"150":18,"151":18,"160":1,"168":1,"176":3,"186":1,"187":1,"192":1,"199":1,"200":1,"210":1,"219":1,"228":4,"233":15,"235":15,"236":15,"237":15,"239":15,"241":15,"246":68,"247":68,"251":15,"252":15,"256":20,"260":20,"265":20,"266":20,"267":20,"275":1,"276":1,"285":2,"286":2,"287":0,"293":0,"305":5,"309":5,"311":5,"313":5,"314":5,"316":5,"320":5,"321":5,"322":5,"326":5,"327":0},"path":"C:\\ERC-721\\contracts\\ERC721.sol","s":{"1":2,"2":2,"3":2,"4":10,"5":1,"6":1,"7":3,"8":3,"9":17,"10":17,"11":17,"12":17,"13":17,"14":17,"15":17,"16":17,"17":1,"18":1,"19":1,"20":2,"21":2,"22":6,"23":18,"24":18,"25":18,"26":1,"27":1,"28":3,"29":1,"30":1,"31":1,"32":1,"33":1,"34":1,"35":1,"36":4,"37":15,"38":15,"39":15,"40":15,"41":15,"42":68,"43":68,"44":15,"45":15,"46":20,"47":20,"48":20,"49":20,"50":1,"51":1,"52":2,"53":2,"54":0,"55":0,"56":5,"57":5,"58":5,"59":5,"60":5,"61":5,"62":5,"63":5,"64":5},"b":{"1":[10,0],"2":[1,0],"3":[3,0],"4":[2,0],"5":[18,0],"6":[1,0],"7":[15,0],"8":[68,0],"9":[15,0],"10":[20,0],"11":[20,0],"12":[0,2],"13":[0,0],"14":[5,0],"15":[5,0],"16":[5,0],"17":[0,5]},"f":{"1":2,"2":10,"3":1,"4":3,"5":17,"6":1,"7":1,"8":1,"9":2,"10":6,"11":18,"12":1,"13":1,"14":3,"15":1,"16":1,"17":1,"18":1,"19":4,"20":15,"21":68,"22":15,"23":20,"24":1,"25":2,"26":5,"27":5,"28":5},"fnMap":{"1":{"name":"isContract","line":16,"loc":{"start":{"line":16,"column":4},"end":{"line":20,"column":5}}},"2":{"name":"validToken","line":79,"loc":{"start":{"line":79,"column":4},"end":{"line":79,"column":39}}},"3":{"name":"canOperate","line":87,"loc":{"start":{"line":87,"column":4},"end":{"line":87,"column":39}}},"4":{"name":"canTransfer","line":97,"loc":{"start":{"line":97,"column":4},"end":{"line":97,"column":40}}},"5":{"name":"constructor","line":108,"loc":{"start":{"line":108,"column":4},"end":{"line":108,"column":62}}},"6":{"name":"name","line":120,"loc":{"start":{"line":120,"column":4},"end":{"line":120,"column":62}}},"7":{"name":"symbol","line":124,"loc":{"start":{"line":124,"column":4},"end":{"line":124,"column":64}}},"8":{"name":"totalSupply","line":129,"loc":{"start":{"line":129,"column":4},"end":{"line":129,"column":63}}},"9":{"name":"tokenByIndex","line":133,"loc":{"start":{"line":133,"column":4},"end":{"line":138,"column":5}}},"10":{"name":"balanceOf","line":144,"loc":{"start":{"line":144,"column":4},"end":{"line":144,"column":75}}},"11":{"name":"ownerOf","line":148,"loc":{"start":{"line":148,"column":4},"end":{"line":148,"column":75}}},"12":{"name":"safeTransferFrom","line":154,"loc":{"start":{"line":154,"column":4},"end":{"line":159,"column":31}}},"13":{"name":"safeTransferFrom","line":163,"loc":{"start":{"line":163,"column":4},"end":{"line":167,"column":31}}},"14":{"name":"transferFrom","line":175,"loc":{"start":{"line":175,"column":71},"end":{"line":175,"column":3}}},"15":{"name":"approve","line":184,"loc":{"start":{"line":184,"column":27},"end":{"line":185,"column":5}}},"16":{"name":"setApprovalForAll","line":195,"loc":{"start":{"line":195,"column":4},"end":{"line":198,"column":5}}},"17":{"name":"getApproved","line":207,"loc":{"start":{"line":207,"column":27},"end":{"line":209,"column":5}}},"18":{"name":"isApprovedForAll","line":213,"loc":{"start":{"line":213,"column":4},"end":{"line":218,"column":5}}},"19":{"name":"supportsInterface","line":222,"loc":{"start":{"line":222,"column":4},"end":{"line":227,"column":5}}},"20":{"name":"mint","line":232,"loc":{"start":{"line":232,"column":4},"end":{"line":232,"column":53}}},"21":{"name":"_registerInterface","line":245,"loc":{"start":{"line":245,"column":4},"end":{"line":245,"column":58}}},"22":{"name":"_generateNextToken","line":250,"loc":{"start":{"line":250,"column":4},"end":{"line":250,"column":63}}},"23":{"name":"_addToken","line":255,"loc":{"start":{"line":255,"column":4},"end":{"line":255,"column":60}}},"24":{"name":"_approve","line":270,"loc":{"start":{"line":270,"column":4},"end":{"line":274,"column":16}}},"25":{"name":"_safeTransfer","line":279,"loc":{"start":{"line":279,"column":4},"end":{"line":284,"column":16}}},"26":{"name":"_transfer","line":304,"loc":{"start":{"line":304,"column":34},"end":{"line":304,"column":3}}},"27":{"name":"_removeToken","line":319,"loc":{"start":{"line":319,"column":4},"end":{"line":319,"column":65}}},"28":{"name":"_clearApproval","line":325,"loc":{"start":{"line":325,"column":4},"end":{"line":325,"column":52}}}},"statementMap":{"1":{"start":{"line":28,"column":8},"end":{"line":28,"column":24}},"2":{"start":{"line":31,"column":8},"end":{"line":31,"column":96}},"3":{"start":{"line":33,"column":8},"end":{"line":33,"column":66}},"4":{"start":{"line":80,"column":8},"end":{"line":80,"column":2625}},"5":{"start":{"line":88,"column":8},"end":{"line":88,"column":51}},"6":{"start":{"line":89,"column":8},"end":{"line":89,"column":2865}},"7":{"start":{"line":98,"column":8},"end":{"line":98,"column":51}},"8":{"start":{"line":99,"column":8},"end":{"line":99,"column":3161}},"9":{"start":{"line":109,"column":8},"end":{"line":109,"column":25}},"10":{"start":{"line":110,"column":8},"end":{"line":110,"column":19}},"11":{"start":{"line":111,"column":8},"end":{"line":111,"column":23}},"12":{"start":{"line":112,"column":8},"end":{"line":112,"column":23}},"13":{"start":{"line":113,"column":8},"end":{"line":113,"column":37}},"14":{"start":{"line":114,"column":8},"end":{"line":114,"column":37}},"15":{"start":{"line":115,"column":8},"end":{"line":115,"column":37}},"16":{"start":{"line":116,"column":8},"end":{"line":116,"column":37}},"17":{"start":{"line":121,"column":8},"end":{"line":121,"column":20}},"18":{"start":{"line":125,"column":8},"end":{"line":125,"column":22}},"19":{"start":{"line":130,"column":8},"end":{"line":130,"column":31}},"20":{"start":{"line":139,"column":8},"end":{"line":139,"column":66}},"21":{"start":{"line":140,"column":8},"end":{"line":140,"column":32}},"22":{"start":{"line":145,"column":8},"end":{"line":145,"column":41}},"23":{"start":{"line":149,"column":8},"end":{"line":149,"column":47}},"24":{"start":{"line":150,"column":8},"end":{"line":150,"column":68}},"25":{"start":{"line":151,"column":8},"end":{"line":151,"column":21}},"26":{"start":{"line":160,"column":8},"end":{"line":160,"column":48}},"27":{"start":{"line":168,"column":8},"end":{"line":168,"column":46}},"28":{"start":{"line":176,"column":8},"end":{"line":176,"column":38}},"29":{"start":{"line":186,"column":8},"end":{"line":186,"column":58}},"30":{"start":{"line":187,"column":8},"end":{"line":187,"column":5749}},"31":{"start":{"line":192,"column":8},"end":{"line":192,"column":55}},"32":{"start":{"line":199,"column":8},"end":{"line":199,"column":58}},"33":{"start":{"line":200,"column":8},"end":{"line":200,"column":61}},"34":{"start":{"line":210,"column":8},"end":{"line":210,"column":40}},"35":{"start":{"line":219,"column":8},"end":{"line":219,"column":50}},"36":{"start":{"line":228,"column":8},"end":{"line":228,"column":48}},"37":{"start":{"line":233,"column":8},"end":{"line":233,"column":60}},"38":{"start":{"line":235,"column":8},"end":{"line":235,"column":46}},"39":{"start":{"line":236,"column":8},"end":{"line":236,"column":30}},"40":{"start":{"line":239,"column":8},"end":{"line":239,"column":47}},"41":{"start":{"line":241,"column":8},"end":{"line":241,"column":22}},"42":{"start":{"line":246,"column":8},"end":{"line":246,"column":73}},"43":{"start":{"line":247,"column":8},"end":{"line":247,"column":47}},"44":{"start":{"line":251,"column":8},"end":{"line":251,"column":76}},"45":{"start":{"line":252,"column":8},"end":{"line":252,"column":31}},"46":{"start":{"line":256,"column":8},"end":{"line":256,"column":7673}},"47":{"start":{"line":260,"column":8},"end":{"line":260,"column":7798}},"48":{"start":{"line":265,"column":8},"end":{"line":265,"column":31}},"49":{"start":{"line":266,"column":8},"end":{"line":266,"column":35}},"50":{"start":{"line":275,"column":8},"end":{"line":275,"column":38}},"51":{"start":{"line":276,"column":8},"end":{"line":276,"column":44}},"52":{"start":{"line":285,"column":8},"end":{"line":285,"column":38}},"53":{"start":{"line":286,"column":8},"end":{"line":286,"column":8451}},"54":{"start":{"line":287,"column":12},"end":{"line":287,"column":8493}},"55":{"start":{"line":293,"column":12},"end":{"line":293,"column":8681}},"56":{"start":{"line":305,"column":8},"end":{"line":305,"column":8988}},"57":{"start":{"line":309,"column":8},"end":{"line":309,"column":73}},"58":{"start":{"line":311,"column":8},"end":{"line":311,"column":31}},"59":{"start":{"line":313,"column":8},"end":{"line":313,"column":36}},"60":{"start":{"line":314,"column":8},"end":{"line":314,"column":31}},"61":{"start":{"line":316,"column":8},"end":{"line":316,"column":43}},"62":{"start":{"line":320,"column":8},"end":{"line":320,"column":68}},"63":{"start":{"line":321,"column":8},"end":{"line":321,"column":64}},"64":{"start":{"line":326,"column":8},"end":{"line":326,"column":9682}}},"branchMap":{"1":{"line":80,"type":"if","locations":[{"start":{"line":80,"column":8},"end":{"line":80,"column":8}},{"start":{"line":80,"column":8},"end":{"line":80,"column":8}}]},"2":{"line":89,"type":"if","locations":[{"start":{"line":89,"column":8},"end":{"line":89,"column":8}},{"start":{"line":89,"column":8},"end":{"line":89,"column":8}}]},"3":{"line":99,"type":"if","locations":[{"start":{"line":99,"column":8},"end":{"line":99,"column":8}},{"start":{"line":99,"column":8},"end":{"line":99,"column":8}}]},"4":{"line":139,"type":"if","locations":[{"start":{"line":139,"column":8},"end":{"line":139,"column":8}},{"start":{"line":139,"column":8},"end":{"line":139,"column":8}}]},"5":{"line":150,"type":"if","locations":[{"start":{"line":150,"column":8},"end":{"line":150,"column":8}},{"start":{"line":150,"column":8},"end":{"line":150,"column":8}}]},"6":{"line":187,"type":"if","locations":[{"start":{"line":187,"column":8},"end":{"line":187,"column":8}},{"start":{"line":187,"column":8},"end":{"line":187,"column":8}}]},"7":{"line":233,"type":"if","locations":[{"start":{"line":233,"column":8},"end":{"line":233,"column":8}},{"start":{"line":233,"column":8},"end":{"line":233,"column":8}}]},"8":{"line":246,"type":"if","locations":[{"start":{"line":246,"column":8},"end":{"line":246,"column":8}},{"start":{"line":246,"column":8},"end":{"line":246,"column":8}}]},"9":{"line":251,"type":"if","locations":[{"start":{"line":251,"column":8},"end":{"line":251,"column":8}},{"start":{"line":251,"column":8},"end":{"line":251,"column":8}}]},"10":{"line":256,"type":"if","locations":[{"start":{"line":256,"column":8},"end":{"line":256,"column":8}},{"start":{"line":256,"column":8},"end":{"line":256,"column":8}}]},"11":{"line":260,"type":"if","locations":[{"start":{"line":260,"column":8},"end":{"line":260,"column":8}},{"start":{"line":260,"column":8},"end":{"line":260,"column":8}}]},"12":{"line":286,"type":"if","locations":[{"start":{"line":286,"column":8},"end":{"line":286,"column":8}},{"start":{"line":286,"column":8},"end":{"line":286,"column":8}}]},"13":{"line":293,"type":"if","locations":[{"start":{"line":293,"column":12},"end":{"line":293,"column":12}},{"start":{"line":293,"column":12},"end":{"line":293,"column":12}}]},"14":{"line":305,"type":"if","locations":[{"start":{"line":305,"column":8},"end":{"line":305,"column":8}},{"start":{"line":305,"column":8},"end":{"line":305,"column":8}}]},"15":{"line":309,"type":"if","locations":[{"start":{"line":309,"column":8},"end":{"line":309,"column":8}},{"start":{"line":309,"column":8},"end":{"line":309,"column":8}}]},"16":{"line":320,"type":"if","locations":[{"start":{"line":320,"column":8},"end":{"line":320,"column":8}},{"start":{"line":320,"column":8},"end":{"line":320,"column":8}}]},"17":{"line":326,"type":"if","locations":[{"start":{"line":326,"column":8},"end":{"line":326,"column":8}},{"start":{"line":326,"column":8},"end":{"line":326,"column":8}}]}}},"contracts\\Interfaces\\IERC721.sol":{"l":{},"path":"C:\\ERC-721\\contracts\\Interfaces\\IERC721.sol","s":{},"b":{},"f":{},"fnMap":{},"statementMap":{},"branchMap":{}},"contracts\\Interfaces\\IERC721Enumerable.sol":{"l":{},"path":"C:\\ERC-721\\contracts\\Interfaces\\IERC721Enumerable.sol","s":{},"b":{},"f":{},"fnMap":{},"statementMap":{},"branchMap":{}},"contracts\\Interfaces\\IERC721Metadata.sol":{"l":{},"path":"C:\\ERC-721\\contracts\\Interfaces\\IERC721Metadata.sol","s":{},"b":{},"f":{},"fnMap":{},"statementMap":{},"branchMap":{}},"contracts\\Patient.sol":{"l":{"21":6,"25":6,"29":0,"33":7,"42":1,"51":1,"60":1,"69":2,"77":4,"79":4,"88":1,"95":1,"99":1,"100":1,"102":1,"103":1,"104":1,"113":2},"path":"C:\\ERC-721\\contracts\\Patient.sol","s":{"1":6,"2":0,"3":7,"4":1,"5":1,"6":1,"7":2,"8":4,"9":4,"10":1,"11":1,"12":1,"13":1,"14":1,"15":1,"16":1,"17":2},"b":{"1":[6,0],"2":[1,0],"3":[1,0]},"f":{"1":6,"2":0,"3":7,"4":1,"5":1,"6":1,"7":2,"8":4,"9":1,"10":1,"11":2},"fnMap":{"1":{"name":"onlyHolder","line":20,"loc":{"start":{"line":20,"column":4},"end":{"line":20,"column":41}}},"2":{"name":"totalPatients","line":28,"loc":{"start":{"line":28,"column":4},"end":{"line":28,"column":56}}},"3":{"name":"patientHolder","line":32,"loc":{"start":{"line":32,"column":4},"end":{"line":32,"column":74}}},"4":{"name":"getPatientName","line":39,"loc":{"start":{"line":39,"column":29},"end":{"line":41,"column":5}}},"5":{"name":"getPatientDateBirth","line":48,"loc":{"start":{"line":48,"column":29},"end":{"line":50,"column":5}}},"6":{"name":"getPatientStatus","line":57,"loc":{"start":{"line":57,"column":29},"end":{"line":59,"column":5}}},"7":{"name":"getPatientEmergencyHospital","line":66,"loc":{"start":{"line":66,"column":29},"end":{"line":68,"column":5}}},"8":{"name":"addPatient","line":72,"loc":{"start":{"line":72,"column":4},"end":{"line":76,"column":14}}},"9":{"name":"transferPatient","line":87,"loc":{"start":{"line":87,"column":4},"end":{"line":87,"column":66}}},"10":{"name":"movePatientToCritical","line":93,"loc":{"start":{"line":93,"column":29},"end":{"line":94,"column":5}}},"11":{"name":"_transferPatientFrom","line":108,"loc":{"start":{"line":108,"column":4},"end":{"line":112,"column":16}}}},"statementMap":{"1":{"start":{"line":21,"column":8},"end":{"line":21,"column":446}},"2":{"start":{"line":29,"column":8},"end":{"line":29,"column":34}},"3":{"start":{"line":33,"column":8},"end":{"line":33,"column":40}},"4":{"start":{"line":42,"column":8},"end":{"line":42,"column":40}},"5":{"start":{"line":51,"column":8},"end":{"line":51,"column":45}},"6":{"start":{"line":60,"column":8},"end":{"line":60,"column":42}},"7":{"start":{"line":69,"column":8},"end":{"line":69,"column":53}},"8":{"start":{"line":77,"column":8},"end":{"line":77,"column":42}},"9":{"start":{"line":79,"column":8},"end":{"line":79,"column":1850}},"10":{"start":{"line":88,"column":8},"end":{"line":88,"column":56}},"11":{"start":{"line":95,"column":8},"end":{"line":95,"column":2268}},"12":{"start":{"line":99,"column":8},"end":{"line":99,"column":50}},"13":{"start":{"line":100,"column":8},"end":{"line":100,"column":74}},"14":{"start":{"line":102,"column":8},"end":{"line":102,"column":2551}},"15":{"start":{"line":103,"column":12},"end":{"line":103,"column":56}},"16":{"start":{"line":104,"column":12},"end":{"line":104,"column":69}},"17":{"start":{"line":113,"column":8},"end":{"line":113,"column":49}}},"branchMap":{"1":{"line":21,"type":"if","locations":[{"start":{"line":21,"column":8},"end":{"line":21,"column":8}},{"start":{"line":21,"column":8},"end":{"line":21,"column":8}}]},"2":{"line":95,"type":"if","locations":[{"start":{"line":95,"column":8},"end":{"line":95,"column":8}},{"start":{"line":95,"column":8},"end":{"line":95,"column":8}}]},"3":{"line":102,"type":"if","locations":[{"start":{"line":102,"column":8},"end":{"line":102,"column":8}},{"start":{"line":102,"column":8},"end":{"line":102,"column":8}}]}}}}